!SESSION 2017-03-11 20:22:50.060 -----------------------------------------------
eclipse.buildId=unknown
java.version=1.5.0_22
java.vendor=Sun Microsystems Inc.
BootLoader constants: OS=win32, ARCH=x86_64, WS=win32, NL=es_ES

!ENTRY org.eclipse.osgi 4 0 2017-03-11 20:22:51.136
!MESSAGE An error occurred while automatically activating bundle org.eclipse.ui.workbench (38).
!STACK 0
org.osgi.framework.BundleException: The activator org.eclipse.ui.internal.WorkbenchPlugin for bundle org.eclipse.ui.workbench is invalid
	at org.eclipse.osgi.framework.internal.core.AbstractBundle.loadBundleActivator(AbstractBundle.java:146)
	at org.eclipse.osgi.framework.internal.core.BundleContextImpl.start(BundleContextImpl.java:980)
	at org.eclipse.osgi.framework.internal.core.BundleHost.startWorker(BundleHost.java:346)
	at org.eclipse.osgi.framework.internal.core.AbstractBundle.start(AbstractBundle.java:265)
	at org.eclipse.osgi.framework.util.SecureAction.start(SecureAction.java:400)
	at org.eclipse.core.runtime.internal.adaptor.EclipseLazyStarter.postFindLocalClass(EclipseLazyStarter.java:111)
	at org.eclipse.osgi.baseadaptor.loader.ClasspathManager.findLocalClass(ClasspathManager.java:427)
	at org.eclipse.osgi.internal.baseadaptor.DefaultClassLoader.findLocalClass(DefaultClassLoader.java:193)
	at org.eclipse.osgi.framework.internal.core.BundleLoader.findLocalClass(BundleLoader.java:368)
	at org.eclipse.osgi.framework.internal.core.SingleSourcePackage.loadClass(SingleSourcePackage.java:33)
	at org.eclipse.osgi.framework.internal.core.BundleLoader.findClassInternal(BundleLoader.java:441)
	at org.eclipse.osgi.framework.internal.core.BundleLoader.findClass(BundleLoader.java:397)
	at org.eclipse.osgi.framework.internal.core.BundleLoader.findClass(BundleLoader.java:385)
	at org.eclipse.osgi.internal.baseadaptor.DefaultClassLoader.loadClass(DefaultClassLoader.java:87)
	at java.lang.ClassLoader.loadClass(ClassLoader.java:252)
	at java.lang.ClassLoader.loadClassInternal(ClassLoader.java:320)
	at java.lang.ClassLoader.defineClass1(Native Method)
	at java.lang.ClassLoader.defineClass(ClassLoader.java:621)
	at org.eclipse.osgi.internal.baseadaptor.DefaultClassLoader.defineClass(DefaultClassLoader.java:165)
	at org.eclipse.osgi.baseadaptor.loader.ClasspathManager.defineClass(ClasspathManager.java:554)
	at org.eclipse.osgi.baseadaptor.loader.ClasspathManager.findClassImpl(ClasspathManager.java:524)
	at org.eclipse.osgi.baseadaptor.loader.ClasspathManager.findLocalClassImpl(ClasspathManager.java:455)
	at org.eclipse.osgi.baseadaptor.loader.ClasspathManager.findLocalClass_LockClassLoader(ClasspathManager.java:443)
	at org.eclipse.osgi.baseadaptor.loader.ClasspathManager.findLocalClass(ClasspathManager.java:423)
	at org.eclipse.osgi.internal.baseadaptor.DefaultClassLoader.findLocalClass(DefaultClassLoader.java:193)
	at org.eclipse.osgi.framework.internal.core.BundleLoader.findLocalClass(BundleLoader.java:368)
	at org.eclipse.osgi.framework.internal.core.BundleLoader.findClassInternal(BundleLoader.java:444)
	at org.eclipse.osgi.framework.internal.core.BundleLoader.findClass(BundleLoader.java:397)
	at org.eclipse.osgi.framework.internal.core.BundleLoader.findClass(BundleLoader.java:385)
	at org.eclipse.osgi.internal.baseadaptor.DefaultClassLoader.loadClass(DefaultClassLoader.java:87)
	at java.lang.ClassLoader.loadClass(ClassLoader.java:252)
	at org.eclipse.osgi.framework.internal.core.BundleLoader.loadClass(BundleLoader.java:313)
	at org.eclipse.osgi.framework.internal.core.BundleHost.loadClass(BundleHost.java:227)
	at org.eclipse.osgi.framework.internal.core.AbstractBundle.loadBundleActivator(AbstractBundle.java:139)
	at org.eclipse.osgi.framework.internal.core.BundleContextImpl.start(BundleContextImpl.java:980)
	at org.eclipse.osgi.framework.internal.core.BundleHost.startWorker(BundleHost.java:346)
	at org.eclipse.osgi.framework.internal.core.AbstractBundle.start(AbstractBundle.java:265)
	at org.eclipse.osgi.framework.util.SecureAction.start(SecureAction.java:400)
	at org.eclipse.core.runtime.internal.adaptor.EclipseLazyStarter.postFindLocalClass(EclipseLazyStarter.java:111)
	at org.eclipse.osgi.baseadaptor.loader.ClasspathManager.findLocalClass(ClasspathManager.java:427)
	at org.eclipse.osgi.internal.baseadaptor.DefaultClassLoader.findLocalClass(DefaultClassLoader.java:193)
	at org.eclipse.osgi.framework.internal.core.BundleLoader.findLocalClass(BundleLoader.java:368)
	at org.eclipse.osgi.framework.internal.core.BundleLoader.findClassInternal(BundleLoader.java:444)
	at org.eclipse.osgi.framework.internal.core.BundleLoader.findClass(BundleLoader.java:397)
	at org.eclipse.osgi.framework.internal.core.BundleLoader.findClass(BundleLoader.java:385)
	at org.eclipse.osgi.internal.baseadaptor.DefaultClassLoader.loadClass(DefaultClassLoader.java:87)
	at java.lang.ClassLoader.loadClass(ClassLoader.java:252)
	at org.eclipse.osgi.framework.internal.core.BundleLoader.loadClass(BundleLoader.java:313)
	at org.eclipse.osgi.framework.internal.core.BundleHost.loadClass(BundleHost.java:227)
	at org.eclipse.osgi.framework.internal.core.AbstractBundle.loadClass(AbstractBundle.java:1274)
	at org.eclipse.core.internal.registry.osgi.RegistryStrategyOSGI.createExecutableExtension(RegistryStrategyOSGI.java:160)
	at org.eclipse.core.internal.registry.ExtensionRegistry.createExecutableExtension(ExtensionRegistry.java:867)
	at org.eclipse.core.internal.registry.ConfigurationElement.createExecutableExtension(ConfigurationElement.java:243)
	at org.eclipse.core.internal.registry.ConfigurationElementHandle.createExecutableExtension(ConfigurationElementHandle.java:51)
	at org.eclipse.equinox.internal.app.EclipseAppHandle.run(EclipseAppHandle.java:188)
	at org.eclipse.core.runtime.internal.adaptor.EclipseAppLauncher.runApplication(EclipseAppLauncher.java:110)
	at org.eclipse.core.runtime.internal.adaptor.EclipseAppLauncher.start(EclipseAppLauncher.java:79)
	at org.eclipse.core.runtime.adaptor.EclipseStarter.run(EclipseStarter.java:386)
	at org.eclipse.core.runtime.adaptor.EclipseStarter.run(EclipseStarter.java:179)
	at sun.reflect.NativeMethodAccessorImpl.invoke0(Native Method)
	at sun.reflect.NativeMethodAccessorImpl.invoke(NativeMethodAccessorImpl.java:39)
	at sun.reflect.DelegatingMethodAccessorImpl.invoke(DelegatingMethodAccessorImpl.java:25)
	at java.lang.reflect.Method.invoke(Method.java:592)
	at org.eclipse.equinox.launcher.Main.invokeFramework(Main.java:549)
	at org.eclipse.equinox.launcher.Main.basicRun(Main.java:504)
	at org.eclipse.equinox.launcher.Main.run(Main.java:1236)
	at org.eclipse.equinox.launcher.Main.main(Main.java:1212)
Caused by: java.lang.NoClassDefFoundError: org/eclipse/swt/SWTError
	at java.lang.Class.getDeclaredConstructors0(Native Method)
	at java.lang.Class.privateGetDeclaredConstructors(Class.java:2357)
	at java.lang.Class.getConstructor0(Class.java:2671)
	at java.lang.Class.newInstance0(Class.java:321)
	at java.lang.Class.newInstance(Class.java:303)
	at org.eclipse.osgi.framework.internal.core.AbstractBundle.loadBundleActivator(AbstractBundle.java:141)
	... 66 more
Root exception:
java.lang.NoClassDefFoundError: org/eclipse/swt/SWTError
	at java.lang.Class.getDeclaredConstructors0(Native Method)
	at java.lang.Class.privateGetDeclaredConstructors(Class.java:2357)
	at java.lang.Class.getConstructor0(Class.java:2671)
	at java.lang.Class.newInstance0(Class.java:321)
	at java.lang.Class.newInstance(Class.java:303)
	at org.eclipse.osgi.framework.internal.core.AbstractBundle.loadBundleActivator(AbstractBundle.java:141)
	at org.eclipse.osgi.framework.internal.core.BundleContextImpl.start(BundleContextImpl.java:980)
	at org.eclipse.osgi.framework.internal.core.BundleHost.startWorker(BundleHost.java:346)
	at org.eclipse.osgi.framework.internal.core.AbstractBundle.start(AbstractBundle.java:265)
	at org.eclipse.osgi.framework.util.SecureAction.start(SecureAction.java:400)
	at org.eclipse.core.runtime.internal.adaptor.EclipseLazyStarter.postFindLocalClass(EclipseLazyStarter.java:111)
	at org.eclipse.osgi.baseadaptor.loader.ClasspathManager.findLocalClass(ClasspathManager.java:427)
	at org.eclipse.osgi.internal.baseadaptor.DefaultClassLoader.findLocalClass(DefaultClassLoader.java:193)
	at org.eclipse.osgi.framework.internal.core.BundleLoader.findLocalClass(BundleLoader.java:368)
	at org.eclipse.osgi.framework.internal.core.SingleSourcePackage.loadClass(SingleSourcePackage.java:33)
	at org.eclipse.osgi.framework.internal.core.BundleLoader.findClassInternal(BundleLoader.java:441)
	at org.eclipse.osgi.framework.internal.core.BundleLoader.findClass(BundleLoader.java:397)
	at org.eclipse.osgi.framework.internal.core.BundleLoader.findClass(BundleLoader.java:385)
	at org.eclipse.osgi.internal.baseadaptor.DefaultClassLoader.loadClass(DefaultClassLoader.java:87)
	at java.lang.ClassLoader.loadClass(ClassLoader.java:252)
	at java.lang.ClassLoader.loadClassInternal(ClassLoader.java:320)
	at java.lang.ClassLoader.defineClass1(Native Method)
	at java.lang.ClassLoader.defineClass(ClassLoader.java:621)
	at org.eclipse.osgi.internal.baseadaptor.DefaultClassLoader.defineClass(DefaultClassLoader.java:165)
	at org.eclipse.osgi.baseadaptor.loader.ClasspathManager.defineClass(ClasspathManager.java:554)
	at org.eclipse.osgi.baseadaptor.loader.ClasspathManager.findClassImpl(ClasspathManager.java:524)
	at org.eclipse.osgi.baseadaptor.loader.ClasspathManager.findLocalClassImpl(ClasspathManager.java:455)
	at org.eclipse.osgi.baseadaptor.loader.ClasspathManager.findLocalClass_LockClassLoader(ClasspathManager.java:443)
	at org.eclipse.osgi.baseadaptor.loader.ClasspathManager.findLocalClass(ClasspathManager.java:423)
	at org.eclipse.osgi.internal.baseadaptor.DefaultClassLoader.findLocalClass(DefaultClassLoader.java:193)
	at org.eclipse.osgi.framework.internal.core.BundleLoader.findLocalClass(BundleLoader.java:368)
	at org.eclipse.osgi.framework.internal.core.BundleLoader.findClassInternal(BundleLoader.java:444)
	at org.eclipse.osgi.framework.internal.core.BundleLoader.findClass(BundleLoader.java:397)
	at org.eclipse.osgi.framework.internal.core.BundleLoader.findClass(BundleLoader.java:385)
	at org.eclipse.osgi.internal.baseadaptor.DefaultClassLoader.loadClass(DefaultClassLoader.java:87)
	at java.lang.ClassLoader.loadClass(ClassLoader.java:252)
	at org.eclipse.osgi.framework.internal.core.BundleLoader.loadClass(BundleLoader.java:313)
	at org.eclipse.osgi.framework.internal.core.BundleHost.loadClass(BundleHost.java:227)
	at org.eclipse.osgi.framework.internal.core.AbstractBundle.loadBundleActivator(AbstractBundle.java:139)
	at org.eclipse.osgi.framework.internal.core.BundleContextImpl.start(BundleContextImpl.java:980)
	at org.eclipse.osgi.framework.internal.core.BundleHost.startWorker(BundleHost.java:346)
	at org.eclipse.osgi.framework.internal.core.AbstractBundle.start(AbstractBundle.java:265)
	at org.eclipse.osgi.framework.util.SecureAction.start(SecureAction.java:400)
	at org.eclipse.core.runtime.internal.adaptor.EclipseLazyStarter.postFindLocalClass(EclipseLazyStarter.java:111)
	at org.eclipse.osgi.baseadaptor.loader.ClasspathManager.findLocalClass(ClasspathManager.java:427)
	at org.eclipse.osgi.internal.baseadaptor.DefaultClassLoader.findLocalClass(DefaultClassLoader.java:193)
	at org.eclipse.osgi.framework.internal.core.BundleLoader.findLocalClass(BundleLoader.java:368)
	at org.eclipse.osgi.framework.internal.core.BundleLoader.findClassInternal(BundleLoader.java:444)
	at org.eclipse.osgi.framework.internal.core.BundleLoader.findClass(BundleLoader.java:397)
	at org.eclipse.osgi.framework.internal.core.BundleLoader.findClass(BundleLoader.java:385)
	at org.eclipse.osgi.internal.baseadaptor.DefaultClassLoader.loadClass(DefaultClassLoader.java:87)
	at java.lang.ClassLoader.loadClass(ClassLoader.java:252)
	at org.eclipse.osgi.framework.internal.core.BundleLoader.loadClass(BundleLoader.java:313)
	at org.eclipse.osgi.framework.internal.core.BundleHost.loadClass(BundleHost.java:227)
	at org.eclipse.osgi.framework.internal.core.AbstractBundle.loadClass(AbstractBundle.java:1274)
	at org.eclipse.core.internal.registry.osgi.RegistryStrategyOSGI.createExecutableExtension(RegistryStrategyOSGI.java:160)
	at org.eclipse.core.internal.registry.ExtensionRegistry.createExecutableExtension(ExtensionRegistry.java:867)
	at org.eclipse.core.internal.registry.ConfigurationElement.createExecutableExtension(ConfigurationElement.java:243)
	at org.eclipse.core.internal.registry.ConfigurationElementHandle.createExecutableExtension(ConfigurationElementHandle.java:51)
	at org.eclipse.equinox.internal.app.EclipseAppHandle.run(EclipseAppHandle.java:188)
	at org.eclipse.core.runtime.internal.adaptor.EclipseAppLauncher.runApplication(EclipseAppLauncher.java:110)
	at org.eclipse.core.runtime.internal.adaptor.EclipseAppLauncher.start(EclipseAppLauncher.java:79)
	at org.eclipse.core.runtime.adaptor.EclipseStarter.run(EclipseStarter.java:386)
	at org.eclipse.core.runtime.adaptor.EclipseStarter.run(EclipseStarter.java:179)
	at sun.reflect.NativeMethodAccessorImpl.invoke0(Native Method)
	at sun.reflect.NativeMethodAccessorImpl.invoke(NativeMethodAccessorImpl.java:39)
	at sun.reflect.DelegatingMethodAccessorImpl.invoke(DelegatingMethodAccessorImpl.java:25)
	at java.lang.reflect.Method.invoke(Method.java:592)
	at org.eclipse.equinox.launcher.Main.invokeFramework(Main.java:549)
	at org.eclipse.equinox.launcher.Main.basicRun(Main.java:504)
	at org.eclipse.equinox.launcher.Main.run(Main.java:1236)
	at org.eclipse.equinox.launcher.Main.main(Main.java:1212)

!ENTRY org.eclipse.osgi 4 0 2017-03-11 20:22:51.136
!MESSAGE An error occurred while automatically activating bundle com.ibm.jinwoo.jdbc.connection.pool (2).
!STACK 0
org.osgi.framework.BundleException: The activator com.ibm.jinwoo.jdbc.connection.pool.Activator for bundle com.ibm.jinwoo.jdbc.connection.pool is invalid
	at org.eclipse.osgi.framework.internal.core.AbstractBundle.loadBundleActivator(AbstractBundle.java:146)
	at org.eclipse.osgi.framework.internal.core.BundleContextImpl.start(BundleContextImpl.java:980)
	at org.eclipse.osgi.framework.internal.core.BundleHost.startWorker(BundleHost.java:346)
	at org.eclipse.osgi.framework.internal.core.AbstractBundle.start(AbstractBundle.java:265)
	at org.eclipse.osgi.framework.util.SecureAction.start(SecureAction.java:400)
	at org.eclipse.core.runtime.internal.adaptor.EclipseLazyStarter.postFindLocalClass(EclipseLazyStarter.java:111)
	at org.eclipse.osgi.baseadaptor.loader.ClasspathManager.findLocalClass(ClasspathManager.java:427)
	at org.eclipse.osgi.internal.baseadaptor.DefaultClassLoader.findLocalClass(DefaultClassLoader.java:193)
	at org.eclipse.osgi.framework.internal.core.BundleLoader.findLocalClass(BundleLoader.java:368)
	at org.eclipse.osgi.framework.internal.core.BundleLoader.findClassInternal(BundleLoader.java:444)
	at org.eclipse.osgi.framework.internal.core.BundleLoader.findClass(BundleLoader.java:397)
	at org.eclipse.osgi.framework.internal.core.BundleLoader.findClass(BundleLoader.java:385)
	at org.eclipse.osgi.internal.baseadaptor.DefaultClassLoader.loadClass(DefaultClassLoader.java:87)
	at java.lang.ClassLoader.loadClass(ClassLoader.java:252)
	at org.eclipse.osgi.framework.internal.core.BundleLoader.loadClass(BundleLoader.java:313)
	at org.eclipse.osgi.framework.internal.core.BundleHost.loadClass(BundleHost.java:227)
	at org.eclipse.osgi.framework.internal.core.AbstractBundle.loadClass(AbstractBundle.java:1274)
	at org.eclipse.core.internal.registry.osgi.RegistryStrategyOSGI.createExecutableExtension(RegistryStrategyOSGI.java:160)
	at org.eclipse.core.internal.registry.ExtensionRegistry.createExecutableExtension(ExtensionRegistry.java:867)
	at org.eclipse.core.internal.registry.ConfigurationElement.createExecutableExtension(ConfigurationElement.java:243)
	at org.eclipse.core.internal.registry.ConfigurationElementHandle.createExecutableExtension(ConfigurationElementHandle.java:51)
	at org.eclipse.equinox.internal.app.EclipseAppHandle.run(EclipseAppHandle.java:188)
	at org.eclipse.core.runtime.internal.adaptor.EclipseAppLauncher.runApplication(EclipseAppLauncher.java:110)
	at org.eclipse.core.runtime.internal.adaptor.EclipseAppLauncher.start(EclipseAppLauncher.java:79)
	at org.eclipse.core.runtime.adaptor.EclipseStarter.run(EclipseStarter.java:386)
	at org.eclipse.core.runtime.adaptor.EclipseStarter.run(EclipseStarter.java:179)
	at sun.reflect.NativeMethodAccessorImpl.invoke0(Native Method)
	at sun.reflect.NativeMethodAccessorImpl.invoke(NativeMethodAccessorImpl.java:39)
	at sun.reflect.DelegatingMethodAccessorImpl.invoke(DelegatingMethodAccessorImpl.java:25)
	at java.lang.reflect.Method.invoke(Method.java:592)
	at org.eclipse.equinox.launcher.Main.invokeFramework(Main.java:549)
	at org.eclipse.equinox.launcher.Main.basicRun(Main.java:504)
	at org.eclipse.equinox.launcher.Main.run(Main.java:1236)
	at org.eclipse.equinox.launcher.Main.main(Main.java:1212)
Caused by: java.lang.NoClassDefFoundError: org/eclipse/ui/plugin/AbstractUIPlugin
	at java.lang.ClassLoader.defineClass1(Native Method)
	at java.lang.ClassLoader.defineClass(ClassLoader.java:621)
	at org.eclipse.osgi.internal.baseadaptor.DefaultClassLoader.defineClass(DefaultClassLoader.java:165)
	at org.eclipse.osgi.baseadaptor.loader.ClasspathManager.defineClass(ClasspathManager.java:554)
	at org.eclipse.osgi.baseadaptor.loader.ClasspathManager.findClassImpl(ClasspathManager.java:524)
	at org.eclipse.osgi.baseadaptor.loader.ClasspathManager.findLocalClassImpl(ClasspathManager.java:455)
	at org.eclipse.osgi.baseadaptor.loader.ClasspathManager.findLocalClass_LockClassLoader(ClasspathManager.java:443)
	at org.eclipse.osgi.baseadaptor.loader.ClasspathManager.findLocalClass(ClasspathManager.java:423)
	at org.eclipse.osgi.internal.baseadaptor.DefaultClassLoader.findLocalClass(DefaultClassLoader.java:193)
	at org.eclipse.osgi.framework.internal.core.BundleLoader.findLocalClass(BundleLoader.java:368)
	at org.eclipse.osgi.framework.internal.core.BundleLoader.findClassInternal(BundleLoader.java:444)
	at org.eclipse.osgi.framework.internal.core.BundleLoader.findClass(BundleLoader.java:397)
	at org.eclipse.osgi.framework.internal.core.BundleLoader.findClass(BundleLoader.java:385)
	at org.eclipse.osgi.internal.baseadaptor.DefaultClassLoader.loadClass(DefaultClassLoader.java:87)
	at java.lang.ClassLoader.loadClass(ClassLoader.java:252)
	at org.eclipse.osgi.framework.internal.core.BundleLoader.loadClass(BundleLoader.java:313)
	at org.eclipse.osgi.framework.internal.core.BundleHost.loadClass(BundleHost.java:227)
	at org.eclipse.osgi.framework.internal.core.AbstractBundle.loadBundleActivator(AbstractBundle.java:139)
	... 33 more
Root exception:
java.lang.NoClassDefFoundError: org/eclipse/ui/plugin/AbstractUIPlugin
	at java.lang.ClassLoader.defineClass1(Native Method)
	at java.lang.ClassLoader.defineClass(ClassLoader.java:621)
	at org.eclipse.osgi.internal.baseadaptor.DefaultClassLoader.defineClass(DefaultClassLoader.java:165)
	at org.eclipse.osgi.baseadaptor.loader.ClasspathManager.defineClass(ClasspathManager.java:554)
	at org.eclipse.osgi.baseadaptor.loader.ClasspathManager.findClassImpl(ClasspathManager.java:524)
	at org.eclipse.osgi.baseadaptor.loader.ClasspathManager.findLocalClassImpl(ClasspathManager.java:455)
	at org.eclipse.osgi.baseadaptor.loader.ClasspathManager.findLocalClass_LockClassLoader(ClasspathManager.java:443)
	at org.eclipse.osgi.baseadaptor.loader.ClasspathManager.findLocalClass(ClasspathManager.java:423)
	at org.eclipse.osgi.internal.baseadaptor.DefaultClassLoader.findLocalClass(DefaultClassLoader.java:193)
	at org.eclipse.osgi.framework.internal.core.BundleLoader.findLocalClass(BundleLoader.java:368)
	at org.eclipse.osgi.framework.internal.core.BundleLoader.findClassInternal(BundleLoader.java:444)
	at org.eclipse.osgi.framework.internal.core.BundleLoader.findClass(BundleLoader.java:397)
	at org.eclipse.osgi.framework.internal.core.BundleLoader.findClass(BundleLoader.java:385)
	at org.eclipse.osgi.internal.baseadaptor.DefaultClassLoader.loadClass(DefaultClassLoader.java:87)
	at java.lang.ClassLoader.loadClass(ClassLoader.java:252)
	at org.eclipse.osgi.framework.internal.core.BundleLoader.loadClass(BundleLoader.java:313)
	at org.eclipse.osgi.framework.internal.core.BundleHost.loadClass(BundleHost.java:227)
	at org.eclipse.osgi.framework.internal.core.AbstractBundle.loadBundleActivator(AbstractBundle.java:139)
	at org.eclipse.osgi.framework.internal.core.BundleContextImpl.start(BundleContextImpl.java:980)
	at org.eclipse.osgi.framework.internal.core.BundleHost.startWorker(BundleHost.java:346)
	at org.eclipse.osgi.framework.internal.core.AbstractBundle.start(AbstractBundle.java:265)
	at org.eclipse.osgi.framework.util.SecureAction.start(SecureAction.java:400)
	at org.eclipse.core.runtime.internal.adaptor.EclipseLazyStarter.postFindLocalClass(EclipseLazyStarter.java:111)
	at org.eclipse.osgi.baseadaptor.loader.ClasspathManager.findLocalClass(ClasspathManager.java:427)
	at org.eclipse.osgi.internal.baseadaptor.DefaultClassLoader.findLocalClass(DefaultClassLoader.java:193)
	at org.eclipse.osgi.framework.internal.core.BundleLoader.findLocalClass(BundleLoader.java:368)
	at org.eclipse.osgi.framework.internal.core.BundleLoader.findClassInternal(BundleLoader.java:444)
	at org.eclipse.osgi.framework.internal.core.BundleLoader.findClass(BundleLoader.java:397)
	at org.eclipse.osgi.framework.internal.core.BundleLoader.findClass(BundleLoader.java:385)
	at org.eclipse.osgi.internal.baseadaptor.DefaultClassLoader.loadClass(DefaultClassLoader.java:87)
	at java.lang.ClassLoader.loadClass(ClassLoader.java:252)
	at org.eclipse.osgi.framework.internal.core.BundleLoader.loadClass(BundleLoader.java:313)
	at org.eclipse.osgi.framework.internal.core.BundleHost.loadClass(BundleHost.java:227)
	at org.eclipse.osgi.framework.internal.core.AbstractBundle.loadClass(AbstractBundle.java:1274)
	at org.eclipse.core.internal.registry.osgi.RegistryStrategyOSGI.createExecutableExtension(RegistryStrategyOSGI.java:160)
	at org.eclipse.core.internal.registry.ExtensionRegistry.createExecutableExtension(ExtensionRegistry.java:867)
	at org.eclipse.core.internal.registry.ConfigurationElement.createExecutableExtension(ConfigurationElement.java:243)
	at org.eclipse.core.internal.registry.ConfigurationElementHandle.createExecutableExtension(ConfigurationElementHandle.java:51)
	at org.eclipse.equinox.internal.app.EclipseAppHandle.run(EclipseAppHandle.java:188)
	at org.eclipse.core.runtime.internal.adaptor.EclipseAppLauncher.runApplication(EclipseAppLauncher.java:110)
	at org.eclipse.core.runtime.internal.adaptor.EclipseAppLauncher.start(EclipseAppLauncher.java:79)
	at org.eclipse.core.runtime.adaptor.EclipseStarter.run(EclipseStarter.java:386)
	at org.eclipse.core.runtime.adaptor.EclipseStarter.run(EclipseStarter.java:179)
	at sun.reflect.NativeMethodAccessorImpl.invoke0(Native Method)
	at sun.reflect.NativeMethodAccessorImpl.invoke(NativeMethodAccessorImpl.java:39)
	at sun.reflect.DelegatingMethodAccessorImpl.invoke(DelegatingMethodAccessorImpl.java:25)
	at java.lang.reflect.Method.invoke(Method.java:592)
	at org.eclipse.equinox.launcher.Main.invokeFramework(Main.java:549)
	at org.eclipse.equinox.launcher.Main.basicRun(Main.java:504)
	at org.eclipse.equinox.launcher.Main.run(Main.java:1236)
	at org.eclipse.equinox.launcher.Main.main(Main.java:1212)

!ENTRY org.eclipse.osgi 4 0 2017-03-11 20:22:51.152
!MESSAGE Application error
!STACK 1
org.eclipse.core.runtime.CoreException: Plug-in com.ibm.jinwoo.jdbc.connection.pool was unable to load class com.ibm.jinwoo.jdbc.connection.pool.Application.
	at org.eclipse.core.internal.registry.osgi.RegistryStrategyOSGI.throwException(RegistryStrategyOSGI.java:180)
	at org.eclipse.core.internal.registry.osgi.RegistryStrategyOSGI.createExecutableExtension(RegistryStrategyOSGI.java:162)
	at org.eclipse.core.internal.registry.ExtensionRegistry.createExecutableExtension(ExtensionRegistry.java:867)
	at org.eclipse.core.internal.registry.ConfigurationElement.createExecutableExtension(ConfigurationElement.java:243)
	at org.eclipse.core.internal.registry.ConfigurationElementHandle.createExecutableExtension(ConfigurationElementHandle.java:51)
	at org.eclipse.equinox.internal.app.EclipseAppHandle.run(EclipseAppHandle.java:188)
	at org.eclipse.core.runtime.internal.adaptor.EclipseAppLauncher.runApplication(EclipseAppLauncher.java:110)
	at org.eclipse.core.runtime.internal.adaptor.EclipseAppLauncher.start(EclipseAppLauncher.java:79)
	at org.eclipse.core.runtime.adaptor.EclipseStarter.run(EclipseStarter.java:386)
	at org.eclipse.core.runtime.adaptor.EclipseStarter.run(EclipseStarter.java:179)
	at sun.reflect.NativeMethodAccessorImpl.invoke0(Native Method)
	at sun.reflect.NativeMethodAccessorImpl.invoke(NativeMethodAccessorImpl.java:39)
	at sun.reflect.DelegatingMethodAccessorImpl.invoke(DelegatingMethodAccessorImpl.java:25)
	at java.lang.reflect.Method.invoke(Method.java:592)
	at org.eclipse.equinox.launcher.Main.invokeFramework(Main.java:549)
	at org.eclipse.equinox.launcher.Main.basicRun(Main.java:504)
	at org.eclipse.equinox.launcher.Main.run(Main.java:1236)
	at org.eclipse.equinox.launcher.Main.main(Main.java:1212)
Caused by: org.eclipse.core.runtime.internal.adaptor.EclipseLazyStarter$TerminatingClassNotFoundException: An error occurred while automatically activating bundle com.ibm.jinwoo.jdbc.connection.pool (2).
	at org.eclipse.core.runtime.internal.adaptor.EclipseLazyStarter.postFindLocalClass(EclipseLazyStarter.java:125)
	at org.eclipse.osgi.baseadaptor.loader.ClasspathManager.findLocalClass(ClasspathManager.java:427)
	at org.eclipse.osgi.internal.baseadaptor.DefaultClassLoader.findLocalClass(DefaultClassLoader.java:193)
	at org.eclipse.osgi.framework.internal.core.BundleLoader.findLocalClass(BundleLoader.java:368)
	at org.eclipse.osgi.framework.internal.core.BundleLoader.findClassInternal(BundleLoader.java:444)
	at org.eclipse.osgi.framework.internal.core.BundleLoader.findClass(BundleLoader.java:397)
	at org.eclipse.osgi.framework.internal.core.BundleLoader.findClass(BundleLoader.java:385)
	at org.eclipse.osgi.internal.baseadaptor.DefaultClassLoader.loadClass(DefaultClassLoader.java:87)
	at java.lang.ClassLoader.loadClass(ClassLoader.java:252)
	at org.eclipse.osgi.framework.internal.core.BundleLoader.loadClass(BundleLoader.java:313)
	at org.eclipse.osgi.framework.internal.core.BundleHost.loadClass(BundleHost.java:227)
	at org.eclipse.osgi.framework.internal.core.AbstractBundle.loadClass(AbstractBundle.java:1274)
	at org.eclipse.core.internal.registry.osgi.RegistryStrategyOSGI.createExecutableExtension(RegistryStrategyOSGI.java:160)
	... 16 more
Caused by: org.osgi.framework.BundleException: The activator com.ibm.jinwoo.jdbc.connection.pool.Activator for bundle com.ibm.jinwoo.jdbc.connection.pool is invalid
	at org.eclipse.osgi.framework.internal.core.AbstractBundle.loadBundleActivator(AbstractBundle.java:146)
	at org.eclipse.osgi.framework.internal.core.BundleContextImpl.start(BundleContextImpl.java:980)
	at org.eclipse.osgi.framework.internal.core.BundleHost.startWorker(BundleHost.java:346)
	at org.eclipse.osgi.framework.internal.core.AbstractBundle.start(AbstractBundle.java:265)
	at org.eclipse.osgi.framework.util.SecureAction.start(SecureAction.java:400)
	at org.eclipse.core.runtime.internal.adaptor.EclipseLazyStarter.postFindLocalClass(EclipseLazyStarter.java:111)
	... 28 more
Caused by: java.lang.NoClassDefFoundError: org/eclipse/ui/plugin/AbstractUIPlugin
	at java.lang.ClassLoader.defineClass1(Native Method)
	at java.lang.ClassLoader.defineClass(ClassLoader.java:621)
	at org.eclipse.osgi.internal.baseadaptor.DefaultClassLoader.defineClass(DefaultClassLoader.java:165)
	at org.eclipse.osgi.baseadaptor.loader.ClasspathManager.defineClass(ClasspathManager.java:554)
	at org.eclipse.osgi.baseadaptor.loader.ClasspathManager.findClassImpl(ClasspathManager.java:524)
	at org.eclipse.osgi.baseadaptor.loader.ClasspathManager.findLocalClassImpl(ClasspathManager.java:455)
	at org.eclipse.osgi.baseadaptor.loader.ClasspathManager.findLocalClass_LockClassLoader(ClasspathManager.java:443)
	at org.eclipse.osgi.baseadaptor.loader.ClasspathManager.findLocalClass(ClasspathManager.java:423)
	at org.eclipse.osgi.internal.baseadaptor.DefaultClassLoader.findLocalClass(DefaultClassLoader.java:193)
	at org.eclipse.osgi.framework.internal.core.BundleLoader.findLocalClass(BundleLoader.java:368)
	at org.eclipse.osgi.framework.internal.core.BundleLoader.findClassInternal(BundleLoader.java:444)
	at org.eclipse.osgi.framework.internal.core.BundleLoader.findClass(BundleLoader.java:397)
	at org.eclipse.osgi.framework.internal.core.BundleLoader.findClass(BundleLoader.java:385)
	at org.eclipse.osgi.internal.baseadaptor.DefaultClassLoader.loadClass(DefaultClassLoader.java:87)
	at java.lang.ClassLoader.loadClass(ClassLoader.java:252)
	at org.eclipse.osgi.framework.internal.core.BundleLoader.loadClass(BundleLoader.java:313)
	at org.eclipse.osgi.framework.internal.core.BundleHost.loadClass(BundleHost.java:227)
	at org.eclipse.osgi.framework.internal.core.AbstractBundle.loadBundleActivator(AbstractBundle.java:139)
	... 33 more

!ENTRY org.eclipse.osgi 2 0 2017-03-11 20:22:51.168
!MESSAGE The following is a complete list of bundles which are not resolved, see the prior log entry for the root cause if it exists:
!SUBENTRY 1 org.eclipse.osgi 2 0 2017-03-11 20:22:51.168
!MESSAGE Bundle initial@reference:file:plugins/org.eclipse.swt.win32.win32.x86_3.4.1.v3449c.jar/ [41] was not resolved.
!SUBENTRY 2 org.eclipse.swt.win32.win32.x86 2 0 2017-03-11 20:22:51.168
!MESSAGE Platform filter did not match: (& (osgi.ws=win32) (osgi.os=win32) (osgi.arch=x86))
